Unity Editor version:    2020.3.26f1 (7298b473bc1a)
Branch:                  2020.3/staging
Build type:              Release
Batch mode:              YES
macOS version:           Version 13.1 (Build 22C65)
Darwin version:          22.2.0
Architecture:            x86_64
Running under Rosetta:   YES
Available memory:        32768 MB
Using pre-set license
Pro License: NO

COMMAND LINE ARGUMENTS:
/Applications/Unity/Hub/Editor/2020.3.26f1/Unity.app/Contents/MacOS/Unity
-adb2
-batchMode
-noUpm
-name
AssetImportWorker0
-projectPath
/Users/nunolourenco/Documents/Teaching/2022-2023/FIA/SodaRacer2023-Alunos
-logFile
Logs/AssetImportWorker0.log
-srvPort
54126
Successfully changed project path to: /Users/nunolourenco/Documents/Teaching/2022-2023/FIA/SodaRacer2023-Alunos
/Users/nunolourenco/Documents/Teaching/2022-2023/FIA/SodaRacer2023-Alunos
Using Asset Import Pipeline V2.
Refreshing native plugins compatible for Editor in 30.05 ms, found 2 plugins.
Preloading 0 native plugins for Editor in 0.00 ms.
Initialize engine version: 2020.3.26f1 (7298b473bc1a)
[Subsystems] Discovering subsystems at path /Applications/Unity/Hub/Editor/2020.3.26f1/Unity.app/Contents/Resources/UnitySubsystems
[Subsystems] Discovering subsystems at path /Users/nunolourenco/Documents/Teaching/2022-2023/FIA/SodaRacer2023-Alunos/Assets
GfxDevice: creating device client; threaded=0
2023-03-28 09:03:16.270 Unity[54999:324492308] (null) preferred device: Apple M1 Max (high power)
2023-03-28 09:03:16.270 Unity[54999:324492308] Metal devices available: 1
2023-03-28 09:03:16.270 Unity[54999:324492308] 0: Apple M1 Max (high power)
2023-03-28 09:03:16.270 Unity[54999:324492308] Using device Apple M1 Max (high power)
Initializing Metal device caps: Apple M1 Max
Initialize mono
Mono path[0] = '/Applications/Unity/Hub/Editor/2020.3.26f1/Unity.app/Contents/Managed'
Mono path[1] = '/Applications/Unity/Hub/Editor/2020.3.26f1/Unity.app/Contents/MonoBleedingEdge/lib/mono/unityjit'
Mono config path = '/Applications/Unity/Hub/Editor/2020.3.26f1/Unity.app/Contents/MonoBleedingEdge/etc'
Using monoOptions --debugger-agent=transport=dt_socket,embedding=1,server=y,suspend=n,address=127.0.0.1:56999
Begin MonoManager ReloadAssembly
Registering precompiled unity dll's ...
Register platform support module: /Applications/Unity/Hub/Editor/2020.3.26f1/PlaybackEngines/WebGLSupport/UnityEditor.WebGL.Extensions.dll
Register platform support module: /Applications/Unity/Hub/Editor/2020.3.26f1/Unity.app/Contents/PlaybackEngines/MacStandaloneSupport/UnityEditor.OSXStandalone.Extensions.dll
Registered in 0.000477 seconds.
Native extension for OSXStandalone target not found
Native extension for WebGL target not found
Refreshing native plugins compatible for Editor in 29.00 ms, found 2 plugins.
Preloading 0 native plugins for Editor in 0.00 ms.
Mono: successfully reloaded assembly
- Completed reload, in  1.379 seconds
Domain Reload Profiling:
	ReloadAssembly (1379ms)
		BeginReloadAssembly (84ms)
			ExecutionOrderSort (0ms)
			DisableScriptedObjects (0ms)
			BackupInstance (0ms)
			ReleaseScriptingObjects (0ms)
			CreateAndSetChildDomain (2ms)
		EndReloadAssembly (1179ms)
			LoadAssemblies (82ms)
			RebuildTransferFunctionScriptingTraits (0ms)
			SetupTypeCache (163ms)
			ReleaseScriptCaches (0ms)
			RebuildScriptCaches (37ms)
			SetupLoadedEditorAssemblies (641ms)
				LogAssemblyErrors (0ms)
				InitializePlatformSupportModulesInManaged (15ms)
				SetLoadedEditorAssemblies (1ms)
				RefreshPlugins (29ms)
				BeforeProcessingInitializeOnLoad (106ms)
				ProcessInitializeOnLoadAttributes (378ms)
				ProcessInitializeOnLoadMethodAttributes (112ms)
				AfterProcessingInitializeOnLoad (0ms)
				EditorAssembliesLoaded (1ms)
			ExecutionOrderSort2 (0ms)
			AwakeInstancesAfterBackupRestoration (0ms)
Platform modules already initialized, skipping
Registering precompiled user dll's ...
Registered in 0.003483 seconds.
Begin MonoManager ReloadAssembly
Native extension for OSXStandalone target not found
Native extension for WebGL target not found
Refreshing native plugins compatible for Editor in 0.39 ms, found 2 plugins.
Preloading 0 native plugins for Editor in 0.00 ms.
Mono: successfully reloaded assembly
- Completed reload, in  2.354 seconds
Domain Reload Profiling:
	ReloadAssembly (2356ms)
		BeginReloadAssembly (247ms)
			ExecutionOrderSort (0ms)
			DisableScriptedObjects (31ms)
			BackupInstance (0ms)
			ReleaseScriptingObjects (0ms)
			CreateAndSetChildDomain (30ms)
		EndReloadAssembly (2016ms)
			LoadAssemblies (214ms)
			RebuildTransferFunctionScriptingTraits (0ms)
			SetupTypeCache (279ms)
			ReleaseScriptCaches (1ms)
			RebuildScriptCaches (45ms)
			SetupLoadedEditorAssemblies (1216ms)
				LogAssemblyErrors (0ms)
				InitializePlatformSupportModulesInManaged (18ms)
				SetLoadedEditorAssemblies (1ms)
				RefreshPlugins (0ms)
				BeforeProcessingInitializeOnLoad (249ms)
				ProcessInitializeOnLoadAttributes (916ms)
				ProcessInitializeOnLoadMethodAttributes (30ms)
				AfterProcessingInitializeOnLoad (1ms)
				EditorAssembliesLoaded (1ms)
			ExecutionOrderSort2 (0ms)
			AwakeInstancesAfterBackupRestoration (33ms)
Platform modules already initialized, skipping
Validating Project structure ... 0.000777 seconds.
Shader import version has changed; will reimport all shaders...
Upgrading shader files ...0.000964 seconds.
Application.AssetDatabase Initial Script Refresh Start
RefreshInfo: InitialScriptRefreshV2(NoUpdateAssetOptions) scanfilter:  ... 1 filters
RefreshProfiler: Total: 0.000ms
Application.AssetDatabase Initial Script Refresh End
Application.AssetDatabase.Refresh Start
Application.AssetDatabase.Refresh End
RefreshInfo: StopAssetImportingV2(ForceSynchronousImport) scanfilter: 
RefreshProfiler: Total: 0.000ms
Launching external process: /Applications/Unity/Hub/Editor/2020.3.26f1/Unity.app/Contents/Tools/UnityShaderCompiler
Launched and connected shader compiler UnityShaderCompiler after 0.03 seconds
Initializing Unity extensions:
2023-03-28 09:03:20.981 Unity[54999:324492308] NSEventModifierFlagFunction specified to -setKeyEquivalentModifierMask: for item <NSMenuItem: 0x7fb85860e440 Font Asset, ke='Command-F12'>, but is only supported for system-provided menu items; will not be used
2023-03-28 09:03:20.984 Unity[54999:324492308] NSEventModifierFlagFunction specified to -setKeyEquivalentModifierMask: for item <NSMenuItem: 0x7fb8586122d0 Font Asset, ke='Command-F12'>, but is only supported for system-provided menu items; will not be used
========================================================================
Worker process is ready to serve import requests
Refreshing native plugins compatible for Editor in 0.19 ms, found 2 plugins.
Preloading 0 native plugins for Editor in 0.00 ms.
Unloading 1540 Unused Serialized files (Serialized files now loaded: 0)
System memory in use before: 77.3 MB.
System memory in use after: 76.5 MB.

Unloading 96 unused Assets to reduce memory usage. Loaded Objects now: 2010.
Total: 2.259958 ms (FindLiveObjects: 0.066750 ms CreateObjectMapping: 0.029084 ms MarkObjects: 1.796875 ms  DeleteObjects: 0.366291 ms)

AssetImportParameters requested are different than current active one (requested -> active):
  custom:video-decoder-ogg-theora: a1e56fd34408186e4bbccfd4996cb3dc -> 
  custom:container-muxer-webm: aa71ff27fc2769a1b78a27578f13a17b -> 
  custom:container-demuxer-webm: 4f35f7cbe854078d1ac9338744f61a02 -> 
  custom:container-demuxer-ogg: 62fdf1f143b41e24485cea50d1cbac27 -> 
  custom:video-encoder-webm-vp8: eb34c28f22e8b96e1ab97ce403110664 -> 
  custom:framework-osx-AVFoundation: e770b220cccbd017edd2c1fefb359320 -> 
  custom:video-decoder-webm-vp8: 9c59270c3fd7afecdb556c50c9e8de78 -> 
  custom:audio-decoder-ogg-vorbis: bf7c407c2cedff20999df2af8eb42d56 -> 
  custom:audio-encoder-webm-vorbis: bf7c407c2cedff20999df2af8eb42d56 -> 
========================================================================
Received Import Request.
  path: Assets/EvolvingCars/Car/Prefabs/RoadButtonPrefab.prefab
  artifactKey: Guid(1e042075e3fc3456f8cdc1c2ebee097d) Importer(815301076,1909f56bfc062723c751e8b465ee728b)
Start importing Assets/EvolvingCars/Car/Prefabs/RoadButtonPrefab.prefab using Guid(1e042075e3fc3456f8cdc1c2ebee097d) Importer(815301076,1909f56bfc062723c751e8b465ee728b)  -> (artifact id: '722b9fe2dc55b50f7c984b7270870fd8') in 0.154690 seconds 
  Import took 0.158858 seconds .

========================================================================
Received Import Request.
  Time since last request: 0.001233 seconds.
  path: Assets/EvolvingCars/Car/Prefabs/PathPrefab.prefab
  artifactKey: Guid(6d8baff964ddc4c50ad66f56b8be3321) Importer(815301076,1909f56bfc062723c751e8b465ee728b)
Start importing Assets/EvolvingCars/Car/Prefabs/PathPrefab.prefab using Guid(6d8baff964ddc4c50ad66f56b8be3321) Importer(815301076,1909f56bfc062723c751e8b465ee728b)  -> (artifact id: '9555b94d27f8af64a1ac569836b765c2') in 0.360886 seconds 
  Import took 0.362941 seconds .

========================================================================
Received Import Request.
  Time since last request: 0.009230 seconds.
  path: Assets/EvolvingCars/Car/Scripts/CarController.cs
  artifactKey: Guid(41dddcc923a954293abb187be55606ec) Importer(815301076,1909f56bfc062723c751e8b465ee728b)
Start importing Assets/EvolvingCars/Car/Scripts/CarController.cs using Guid(41dddcc923a954293abb187be55606ec) Importer(815301076,1909f56bfc062723c751e8b465ee728b)  -> (artifact id: 'b576099f320eefb6c4115aa104f601c4') in 1.008094 seconds 
  Import took 1.012552 seconds .

========================================================================
Received Import Request.
  Time since last request: 0.001950 seconds.
  path: Assets/EvolvingCars/Car/Prefabs/DeadEndPrefab.prefab
  artifactKey: Guid(1937103e2dcc944809cd1c27b0120ceb) Importer(815301076,1909f56bfc062723c751e8b465ee728b)
Start importing Assets/EvolvingCars/Car/Prefabs/DeadEndPrefab.prefab using Guid(1937103e2dcc944809cd1c27b0120ceb) Importer(815301076,1909f56bfc062723c751e8b465ee728b)  -> (artifact id: 'aced42cedf77d3a544835d977b87d68d') in 0.016850 seconds 
  Import took 0.018732 seconds .

========================================================================
Received Import Request.
  Time since last request: 0.001932 seconds.
  path: Assets/EvolvingCars/Commons/FollowChromosomeCam.cs
  artifactKey: Guid(5d40cb6d898454c7fa1273bdae7d2b32) Importer(815301076,1909f56bfc062723c751e8b465ee728b)
Start importing Assets/EvolvingCars/Commons/FollowChromosomeCam.cs using Guid(5d40cb6d898454c7fa1273bdae7d2b32) Importer(815301076,1909f56bfc062723c751e8b465ee728b)  -> (artifact id: '4f519eacbfa5e00c0f3b94835eb20bc4') in 0.001809 seconds 
  Import took 0.003363 seconds .

========================================================================
Received Import Request.
  Time since last request: 0.006066 seconds.
  path: Assets/EvolvingCars/Commons/EvaluateBest.cs
  artifactKey: Guid(661df7daffe9e4407a6ab020b84ade16) Importer(815301076,1909f56bfc062723c751e8b465ee728b)
Start importing Assets/EvolvingCars/Commons/EvaluateBest.cs using Guid(661df7daffe9e4407a6ab020b84ade16) Importer(815301076,1909f56bfc062723c751e8b465ee728b)  -> (artifact id: '00b3d8d8f605bacee19451bc089de785') in 0.001630 seconds 
  Import took 0.003174 seconds .

========================================================================
Received Import Request.
  Time since last request: 0.006650 seconds.
  path: Assets/EvolvingCars/TP2/Meta1/UniformCrossover.cs
  artifactKey: Guid(960a3091c8c6843d88274229bc7d2095) Importer(815301076,1909f56bfc062723c751e8b465ee728b)
Start importing Assets/EvolvingCars/TP2/Meta1/UniformCrossover.cs using Guid(960a3091c8c6843d88274229bc7d2095) Importer(815301076,1909f56bfc062723c751e8b465ee728b)  -> (artifact id: '3149f68a4d4f9fb6f602bb43cb4495aa') in 0.001625 seconds 
  Import took 0.003114 seconds .

========================================================================
Received Import Request.
  Time since last request: 0.002420 seconds.
  path: Assets/EvolvingCars/TP2/Meta1/GaussianMutation.cs
  artifactKey: Guid(66a85ffc4f2d7453786b277f816b4dc0) Importer(815301076,1909f56bfc062723c751e8b465ee728b)
Start importing Assets/EvolvingCars/TP2/Meta1/GaussianMutation.cs using Guid(66a85ffc4f2d7453786b277f816b4dc0) Importer(815301076,1909f56bfc062723c751e8b465ee728b)  -> (artifact id: '83e93faa48771f170acfbf7e61b1dfa6') in 0.001922 seconds 
  Import took 0.003795 seconds .

========================================================================
Received Import Request.
  Time since last request: 0.005106 seconds.
  path: Assets/EvolvingCars/Commons/FloatingPointChromosome.cs
  artifactKey: Guid(ee6d61208a88040f8bef400d7685f126) Importer(815301076,1909f56bfc062723c751e8b465ee728b)
Start importing Assets/EvolvingCars/Commons/FloatingPointChromosome.cs using Guid(ee6d61208a88040f8bef400d7685f126) Importer(815301076,1909f56bfc062723c751e8b465ee728b)  -> (artifact id: '0e5906b53ddd89ec2372d4446e395d6e') in 0.001836 seconds 
  Import took 0.003534 seconds .

========================================================================
Received Import Request.
  Time since last request: 0.002012 seconds.
  path: Assets/EvolvingCars/Car/Prefabs/WheelPrefab.prefab
  artifactKey: Guid(dc9a92b5c114743f1a8577bc3ce9cb1f) Importer(815301076,1909f56bfc062723c751e8b465ee728b)
Start importing Assets/EvolvingCars/Car/Prefabs/WheelPrefab.prefab using Guid(dc9a92b5c114743f1a8577bc3ce9cb1f) Importer(815301076,1909f56bfc062723c751e8b465ee728b)  -> (artifact id: '4ab04f264247de4b39a1bb41becb2938') in 0.012423 seconds 
  Import took 0.014649 seconds .

========================================================================
Received Import Request.
  Time since last request: 0.001281 seconds.
  path: Assets/EvolvingCars/Car/Scripts/CarBinaryChromosome.cs
  artifactKey: Guid(cf8b7839ae7814baea86684246c4748e) Importer(815301076,1909f56bfc062723c751e8b465ee728b)
Start importing Assets/EvolvingCars/Car/Scripts/CarBinaryChromosome.cs using Guid(cf8b7839ae7814baea86684246c4748e) Importer(815301076,1909f56bfc062723c751e8b465ee728b)  -> (artifact id: '5d93277af31f4f810ead006fa1422a25') in 0.001600 seconds 
  Import took 0.003190 seconds .

========================================================================
Received Import Request.
  Time since last request: 0.006828 seconds.
  path: Assets/EvolvingCars/TP2/Meta1/Roulette.cs
  artifactKey: Guid(17b43d73bfed14d6394ad332d1ec94dc) Importer(815301076,1909f56bfc062723c751e8b465ee728b)
Start importing Assets/EvolvingCars/TP2/Meta1/Roulette.cs using Guid(17b43d73bfed14d6394ad332d1ec94dc) Importer(815301076,1909f56bfc062723c751e8b465ee728b)  -> (artifact id: 'f1d1b8ce09ff1bf99613b3b75cabfef2') in 0.001603 seconds 
  Import took 0.003155 seconds .

========================================================================
Received Import Request.
  Time since last request: 0.006323 seconds.
  path: Assets/EvolvingCars/Car/Scripts/CarChromosome.cs
  artifactKey: Guid(45cd13fff89d54f8cacf4eb853cd973d) Importer(815301076,1909f56bfc062723c751e8b465ee728b)
Start importing Assets/EvolvingCars/Car/Scripts/CarChromosome.cs using Guid(45cd13fff89d54f8cacf4eb853cd973d) Importer(815301076,1909f56bfc062723c751e8b465ee728b)  -> (artifact id: 'a10c23e74b2e94b8fccb48e636c91fff') in 0.001744 seconds 
  Import took 0.003290 seconds .

